<?xml version="1.0" encoding="UTF-8" ?>
<testsuite tests="8" failures="0" name="TestSuite" time="0.048" errors="0" skipped="0">
  <properties>
[...]
</properties>
  <testcase classname="com.openkappa.splitmap.CircuitsTest" name="testBoxedIntegerArithmetic" time="0.03"/>
  <testcase classname="com.openkappa.splitmap.CircuitsTest" name="testCircuit" time="0.007"/>
  <testcase classname="com.openkappa.splitmap.CircuitsTest" name="testIntersect" time="0.003"/>
  <testcase classname="com.openkappa.splitmap.CircuitsTest" name="testMultidimensionalCount" time="0.005"/>
  <testcase classname="com.openkappa.splitmap.CircuitsTest" name="testStringConcatenation" time="0.002"/>
  <testcase classname="com.openkappa.splitmap.PrefixIndexTest" name="ifValueDoesntExisteGetNull" time="0"/>
  <testcase classname="com.openkappa.splitmap.PrefixIndexTest" name="shouldRetrieveInsertedValue" time="0.001"/>
  <testcase classname="com.openkappa.splitmap.SplitMapTest" name="testWriteToSplitMap" time="0"/>
</testsuite>